<?xml version="1.0" encoding="UTF-8"?>
<testsuite xmlns:xsi="http://www.w3.org/2001/XMLSchema-instance" xsi:noNamespaceSchemaLocation="https://maven.apache.org/surefire/maven-surefire-plugin/xsd/surefire-test-report-3.0.xsd" version="3.0" name="de.exxcellent.challenge.AppTest" time="0.159" tests="4" errors="0" skipped="0" failures="0">
  <properties>
[...]
</properties>
  <testcase name="runFootball" classname="de.exxcellent.challenge.AppTest" time="0.078">
    <system-out><![CDATA[[[Team, Games, Wins, Losses, Draws, Goals, Goals Allowed, Points, Diff], [Arsenal, 38, 26, 9, 3, 79, 36, 87, 43], [Liverpool, 38, 24, 8, 6, 67, 30, 80, 37], [Manchester United, 38, 24, 5, 9, 87, 45, 77, 42], [Newcastle, 38, 21, 8, 9, 74, 52, 71, 22], [Leeds, 38, 18, 12, 8, 53, 37, 66, 16], [Chelsea, 38, 17, 13, 8, 66, 38, 64, 28], [West_Ham, 38, 15, 8, 15, 48, 57, 53, 9], [Aston_Villa, 38, 12, 14, 12, 46, 47, 50, 1], [Tottenham, 38, 14, 8, 16, 49, 53, 50, 4], [Blackburn, 38, 12, 10, 16, 55, 51, 46, 4], [Southampton, 38, 12, 9, 17, 46, 54, 45, 8], [Middlesbrough, 38, 12, 9, 17, 35, 47, 45, 12], [Fulham, 38, 10, 14, 14, 36, 44, 44, 8], [Charlton, 38, 10, 14, 14, 38, 49, 44, 11], [Everton, 38, 11, 10, 17, 45, 57, 43, 12], [Bolton, 38, 9, 13, 16, 44, 62, 40, 18], [Sunderland, 38, 10, 10, 18, 29, 51, 40, 22], [Ipswich, 38, 9, 9, 20, 41, 64, 36, 23], [Derby, 38, 8, 6, 24, 33, 63, 30, 30], [Leicester, 38, 5, 13, 20, 30, 64, 28, 34]]
Team with smallest goal spread : null
]]></system-out>
  </testcase>
  <testcase name="testCalcDiffs" classname="de.exxcellent.challenge.AppTest" time="0.012">
    <system-out><![CDATA[[[Element, Max, Min, Diff], [el1, 3, 4, 1], [el2, 7, 10, 3]]
]]></system-out>
  </testcase>
  <testcase name="runWeather" classname="de.exxcellent.challenge.AppTest" time="0.013">
    <system-out><![CDATA[[[Day, MxT, MnT, AvT, AvDP, 1HrP TPcpn, PDir, AvSp, Dir, MxS, SkyC, MxR, Mn, R AvSLP, Diff], [1, 88, 59, 74, 53.8, 0, 280, 9.6, 270, 17, 1.6, 93, 23, 1004.5, 29], [2, 79, 63, 71, 46.5, 0, 330, 8.7, 340, 23, 3.3, 70, 28, 1004.5, 16], [3, 77, 55, 66, 39.6, 0, 350, 5, 350, 9, 2.8, 59, 24, 1016.8, 22], [4, 77, 59, 68, 51.1, 0, 110, 9.1, 130, 12, 8.6, 62, 40, 1021.1, 18], [5, 90, 66, 78, 68.3, 0, 220, 8.3, 260, 12, 6.9, 84, 55, 1014.4, 24], [6, 81, 61, 71, 63.7, 0, 30, 6.2, 30, 13, 9.7, 93, 60, 1012.7, 20], [7, 73, 57, 65, 53, 0, 50, 9.5, 50, 17, 5.3, 90, 48, 1021.8, 16], [8, 75, 54, 65, 50, 0, 160, 4.2, 150, 10, 2.6, 93, 41, 1026.3, 21], [9, 86, 32, 59, 61.5, 0, 240, 7.6, 220, 12, 6, 78, 46, 1018.6, 54], [10, 84, 64, 74, 57.5, 0, 210, 6.6, 50, 9, 3.4, 84, 40, 1019, 20], [11, 91, 59, 75, 66.3, 0, 250, 7.1, 230, 12, 2.5, 93, 45, 1012.6, 32], [12, 88, 73, 81, 68.7, 0, 250, 8.1, 270, 21, 7.9, 94, 51, 1007, 15], [13, 70, 59, 65, 55, 0, 150, 3, 150, 8, 10, 83, 59, 1012.6, 11], [14, 61, 59, 60, 55.9, 0, 60, 6.7, 80, 9, 10, 93, 87, 1008.6, 2], [15, 64, 55, 60, 54.9, 0, 40, 4.3, 200, 7, 9.6, 96, 70, 1006.1, 9], [16, 79, 59, 69, 56.7, 0, 250, 7.6, 240, 21, 7.8, 87, 44, 1007, 20], [17, 81, 57, 69, 51.7, 0, 260, 9.1, 270, 29, 5.2, 90, 34, 1012.5, 24], [18, 82, 52, 67, 52.6, 0, 230, 4, 190, 12, 5, 93, 34, 1021.3, 30], [19, 81, 61, 71, 58.9, 0, 250, 5.2, 230, 12, 5.3, 87, 44, 1028.5, 20], [20, 84, 57, 71, 58.9, 0, 150, 6.3, 160, 13, 3.6, 90, 43, 1032.5, 27], [21, 86, 59, 73, 57.7, 0, 240, 6.1, 250, 12, 1, 87, 35, 1030.7, 27], [22, 90, 64, 77, 61.1, 0, 250, 6.4, 230, 9, 0.2, 78, 38, 1026.4, 26], [23, 90, 68, 79, 63.1, 0, 240, 8.3, 230, 12, 0.2, 68, 42, 1021.3, 22], [24, 90, 77, 84, 67.5, 0, 350, 8.5, 10, 14, 6.9, 74, 48, 1018.2, 13], [25, 90, 72, 81, 61.3, 0, 190, 4.9, 230, 9, 5.6, 81, 29, 1019.6, 18], [26, 97, 64, 81, 70.4, 0, 50, 5.1, 200, 12, 4, 107, 45, 1014.9, 33], [27, 91, 72, 82, 69.7, 0, 250, 12.1, 230, 17, 7.1, 90, 47, 1009, 19], [28, 84, 68, 76, 65.6, 0, 280, 7.6, 340, 16, 7, 100, 51, 1011, 16], [29, 88, 66, 77, 59.7, 0, 40, 5.4, 20, 9, 5.3, 84, 33, 1020.6, 22], [30, 90, 45, 68, 63.6, 0, 240, 6, 220, 17, 4.8, 200, 41, 1022.7, 45]]
Day with smallest temperature spread : null
]]></system-out>
  </testcase>
  <testcase name="testReadCsv" classname="de.exxcellent.challenge.AppTest" time="0.011"/>
</testsuite>