<?xml version="1.0" encoding="UTF-8"?>
<testsuite xmlns:xsi="http://www.w3.org/2001/XMLSchema-instance" xsi:noNamespaceSchemaLocation="https://maven.apache.org/surefire/maven-surefire-plugin/xsd/surefire-test-report-3.0.xsd" version="3.0" name="de.exxcellent.challenge.AppTest" time="0.056" tests="5" errors="5" skipped="0" failures="0">
  <properties>
[...]
</properties>
  <testcase name="runFootball" classname="de.exxcellent.challenge.AppTest" time="0.028">
    <error type="java.lang.UnsupportedOperationException"><![CDATA[java.lang.UnsupportedOperationException: Unimplemented method 'read'
	at de.exxcellent.challenge.AppTest.runFootball(AppTest.java:67)
]]></error>
  </testcase>
  <testcase name="testfindMinEl" classname="de.exxcellent.challenge.AppTest" time="0">
    <error type="java.lang.UnsupportedOperationException"><![CDATA[java.lang.UnsupportedOperationException: Unimplemented method 'findListELement'
	at de.exxcellent.challenge.AppTest.testfindMinEl(AppTest.java:57)
]]></error>
  </testcase>
  <testcase name="testCalcDiffs" classname="de.exxcellent.challenge.AppTest" time="0">
    <error type="java.lang.UnsupportedOperationException"><![CDATA[java.lang.UnsupportedOperationException: Unimplemented method 'calculateDifferences'
	at de.exxcellent.challenge.AppTest.testCalcDiffs(AppTest.java:52)
]]></error>
  </testcase>
  <testcase name="runWeather" classname="de.exxcellent.challenge.AppTest" time="0">
    <error type="java.lang.UnsupportedOperationException"><![CDATA[java.lang.UnsupportedOperationException: Unimplemented method 'read'
	at de.exxcellent.challenge.AppTest.runWeather(AppTest.java:62)
]]></error>
  </testcase>
  <testcase name="testReadCsv" classname="de.exxcellent.challenge.AppTest" time="0">
    <error type="java.lang.UnsupportedOperationException"><![CDATA[java.lang.UnsupportedOperationException: Unimplemented method 'read'
	at de.exxcellent.challenge.AppTest.testReadCsv(AppTest.java:46)
]]></error>
  </testcase>
</testsuite>